  201807042 final.cpp
E:\2학년\2학기\4.VCPP\201807042 final\201807042 final\BUTTON.h(51,14): error C2365: 'BUTTON<ACTION>::action': 재정의: 이전 정의는 '데이터 멤버'입니다.
E:\2학년\2학기\4.VCPP\201807042 final\201807042 final\BUTTON.h(12): message : 'BUTTON<ACTION>::action' 선언을 참조하십시오.
E:\2학년\2학기\4.VCPP\201807042 final\201807042 final\BUTTON.h(52): message : 컴파일되는 클래스 템플릿 인스턴스화 'BUTTON<ACTION>'에 대한 참조를 확인하세요.
E:\2학년\2학기\4.VCPP\201807042 final\201807042 final\201807042 final.cpp(157,49): error C2514: 'BUTTON': 클래스 템플릿을 생성할 수 없습니다.
E:\2학년\2학기\4.VCPP\201807042 final\201807042 final\BUTTON.h(8): message : 'BUTTON' 선언을 참조하십시오.
E:\2학년\2학기\4.VCPP\201807042 final\201807042 final\201807042 final.cpp(166,6): error C2663: 'BUTTON<ACTION>::paint': 2개의 오버로드에서 'this' 포인터에 대한 변환이 잘못되었습니다.
  BUTTON.cpp
E:\2학년\2학기\4.VCPP\201807042 final\201807042 final\BUTTON.h(51,14): error C2365: 'BUTTON<ACTION>::action': 재정의: 이전 정의는 '데이터 멤버'입니다.
E:\2학년\2학기\4.VCPP\201807042 final\201807042 final\BUTTON.h(12): message : 'BUTTON<ACTION>::action' 선언을 참조하십시오.
E:\2학년\2학기\4.VCPP\201807042 final\201807042 final\BUTTON.h(52): message : 컴파일되는 클래스 템플릿 인스턴스화 'BUTTON<ACTION>'에 대한 참조를 확인하세요.
E:\2학년\2학기\4.VCPP\201807042 final\201807042 final\BUTTON.cpp(3,14): error C2955: 'BUTTON': 클래스 템플릿을(를) 사용하려면 템플릿 인수 목록이 필요합니다.
E:\2학년\2학기\4.VCPP\201807042 final\201807042 final\BUTTON.h(8): message : 'BUTTON' 선언을 참조하십시오.
E:\2학년\2학기\4.VCPP\201807042 final\201807042 final\BUTTON.cpp(5,3): error C2509: 'init_name': 멤버 함수를 'BUTTON'에서 선언하지 않았습니다.
E:\2학년\2학기\4.VCPP\201807042 final\201807042 final\BUTTON.h(8): message : 'BUTTON' 선언을 참조하십시오.
E:\2학년\2학기\4.VCPP\201807042 final\201807042 final\BUTTON.cpp(9,14): error C2955: 'BUTTON': 클래스 템플릿을(를) 사용하려면 템플릿 인수 목록이 필요합니다.
E:\2학년\2학기\4.VCPP\201807042 final\201807042 final\BUTTON.h(8): message : 'BUTTON' 선언을 참조하십시오.
E:\2학년\2학기\4.VCPP\201807042 final\201807042 final\BUTTON.cpp(10,3): error C2509: 'init_code': 멤버 함수를 'BUTTON'에서 선언하지 않았습니다.
E:\2학년\2학기\4.VCPP\201807042 final\201807042 final\BUTTON.h(8): message : 'BUTTON' 선언을 참조하십시오.
E:\2학년\2학기\4.VCPP\201807042 final\201807042 final\BUTTON.cpp(16,9): error C2955: 'BUTTON': 클래스 템플릿을(를) 사용하려면 템플릿 인수 목록이 필요합니다.
E:\2학년\2학기\4.VCPP\201807042 final\201807042 final\BUTTON.h(8): message : 'BUTTON' 선언을 참조하십시오.
E:\2학년\2학기\4.VCPP\201807042 final\201807042 final\BUTTON.cpp(22,3): error C2509: '{ctor}': 멤버 함수를 'BUTTON'에서 선언하지 않았습니다.
E:\2학년\2학기\4.VCPP\201807042 final\201807042 final\BUTTON.h(8): message : 'BUTTON' 선언을 참조하십시오.
E:\2학년\2학기\4.VCPP\201807042 final\201807042 final\BUTTON.cpp(22,12): error C2597: 비정적 멤버 'OBJECT::x'에 대한 참조가 잘못되었습니다.
E:\2학년\2학기\4.VCPP\201807042 final\201807042 final\OBJECT.h(10): message : 'OBJECT::x' 선언을 참조하십시오.
E:\2학년\2학기\4.VCPP\201807042 final\201807042 final\BUTTON.cpp(22,15): error C2597: 비정적 멤버 'OBJECT::y'에 대한 참조가 잘못되었습니다.
E:\2학년\2학기\4.VCPP\201807042 final\201807042 final\OBJECT.h(11): message : 'OBJECT::y' 선언을 참조하십시오.
E:\2학년\2학기\4.VCPP\201807042 final\201807042 final\BUTTON.cpp(22,18): error C2597: 비정적 멤버 'OBJECT::width'에 대한 참조가 잘못되었습니다.
E:\2학년\2학기\4.VCPP\201807042 final\201807042 final\OBJECT.h(12): message : 'OBJECT::width' 선언을 참조하십시오.
E:\2학년\2학기\4.VCPP\201807042 final\201807042 final\BUTTON.cpp(22,25): error C2597: 비정적 멤버 'OBJECT::width'에 대한 참조가 잘못되었습니다.
E:\2학년\2학기\4.VCPP\201807042 final\201807042 final\OBJECT.h(12): message : 'OBJECT::width' 선언을 참조하십시오.
E:\2학년\2학기\4.VCPP\201807042 final\201807042 final\BUTTON.cpp(28,9): error C2955: 'BUTTON': 클래스 템플릿을(를) 사용하려면 템플릿 인수 목록이 필요합니다.
E:\2학년\2학기\4.VCPP\201807042 final\201807042 final\BUTTON.h(8): message : 'BUTTON' 선언을 참조하십시오.
E:\2학년\2학기\4.VCPP\201807042 final\201807042 final\BUTTON.cpp(33,3): error C2509: '{ctor}': 멤버 함수를 'BUTTON'에서 선언하지 않았습니다.
E:\2학년\2학기\4.VCPP\201807042 final\201807042 final\BUTTON.h(8): message : 'BUTTON' 선언을 참조하십시오.
E:\2학년\2학기\4.VCPP\201807042 final\201807042 final\BUTTON.cpp(33,12): error C2597: 비정적 멤버 'OBJECT::x'에 대한 참조가 잘못되었습니다.
E:\2학년\2학기\4.VCPP\201807042 final\201807042 final\OBJECT.h(10): message : 'OBJECT::x' 선언을 참조하십시오.
E:\2학년\2학기\4.VCPP\201807042 final\201807042 final\BUTTON.cpp(33,15): error C2597: 비정적 멤버 'OBJECT::y'에 대한 참조가 잘못되었습니다.
E:\2학년\2학기\4.VCPP\201807042 final\201807042 final\OBJECT.h(11): message : 'OBJECT::y' 선언을 참조하십시오.
E:\2학년\2학기\4.VCPP\201807042 final\201807042 final\BUTTON.cpp(33,18): error C2597: 비정적 멤버 'OBJECT::width'에 대한 참조가 잘못되었습니다.
E:\2학년\2학기\4.VCPP\201807042 final\201807042 final\OBJECT.h(12): message : 'OBJECT::width' 선언을 참조하십시오.
E:\2학년\2학기\4.VCPP\201807042 final\201807042 final\BUTTON.cpp(33,25): error C2597: 비정적 멤버 'OBJECT::width'에 대한 참조가 잘못되었습니다.
E:\2학년\2학기\4.VCPP\201807042 final\201807042 final\OBJECT.h(12): message : 'OBJECT::width' 선언을 참조하십시오.
E:\2학년\2학기\4.VCPP\201807042 final\201807042 final\BUTTON.cpp(39,14): error C2955: 'BUTTON': 클래스 템플릿을(를) 사용하려면 템플릿 인수 목록이 필요합니다.
E:\2학년\2학기\4.VCPP\201807042 final\201807042 final\BUTTON.h(8): message : 'BUTTON' 선언을 참조하십시오.
E:\2학년\2학기\4.VCPP\201807042 final\201807042 final\BUTTON.cpp(40,1): error C2509: 'paint': 멤버 함수를 'BUTTON'에서 선언하지 않았습니다.
E:\2학년\2학기\4.VCPP\201807042 final\201807042 final\BUTTON.h(8): message : 'BUTTON' 선언을 참조하십시오.
E:\2학년\2학기\4.VCPP\201807042 final\201807042 final\BUTTON.cpp(46,14): error C2955: 'BUTTON': 클래스 템플릿을(를) 사용하려면 템플릿 인수 목록이 필요합니다.
E:\2학년\2학기\4.VCPP\201807042 final\201807042 final\BUTTON.h(8): message : 'BUTTON' 선언을 참조하십시오.
E:\2학년\2학기\4.VCPP\201807042 final\201807042 final\BUTTON.cpp(47,1): error C2509: 'paint': 멤버 함수를 'BUTTON'에서 선언하지 않았습니다.
E:\2학년\2학기\4.VCPP\201807042 final\201807042 final\BUTTON.h(8): message : 'BUTTON' 선언을 참조하십시오.
E:\2학년\2학기\4.VCPP\201807042 final\201807042 final\BUTTON.cpp(64,14): error C2955: 'BUTTON': 클래스 템플릿을(를) 사용하려면 템플릿 인수 목록이 필요합니다.
E:\2학년\2학기\4.VCPP\201807042 final\201807042 final\BUTTON.h(8): message : 'BUTTON' 선언을 참조하십시오.
E:\2학년\2학기\4.VCPP\201807042 final\201807042 final\BUTTON.cpp(65,3): error C2509: 'press': 멤버 함수를 'BUTTON'에서 선언하지 않았습니다.
E:\2학년\2학기\4.VCPP\201807042 final\201807042 final\BUTTON.h(8): message : 'BUTTON' 선언을 참조하십시오.
  Dodge.cpp
E:\2학년\2학기\4.VCPP\201807042 final\201807042 final\BUTTON.h(51,14): error C2365: 'BUTTON<ACTION>::action': 재정의: 이전 정의는 '데이터 멤버'입니다.
E:\2학년\2학기\4.VCPP\201807042 final\201807042 final\BUTTON.h(12): message : 'BUTTON<ACTION>::action' 선언을 참조하십시오.
E:\2학년\2학기\4.VCPP\201807042 final\201807042 final\BUTTON.h(52): message : 컴파일되는 클래스 템플릿 인스턴스화 'BUTTON<ACTION>'에 대한 참조를 확인하세요.
  코드를 생성하고 있습니다...
